09:08:07 **** Incremental Build of configuration Release for project test ****
Info: Internal Builder is used for build
g++ -O3 -Wall -c -fmessage-length=0 -o "src\\test.o" "..\\src\\test.cpp" 
g++ -o test.exe "src\\test.o" 
Info: Nothing to build for test
09:16:53 **** Rebuild of configuration Debug for project Outputting Text ****
Info: Internal Builder is used for build
g++ -O0 -g3 -Wall -c -fmessage-length=0 -o "src\\Outputting Text.o" "..\\src\\Outputting Text.cpp" 
g++ -o "Outputting Text.exe" "src\\Outputting Text.o" 
09:19:36 **** Incremental Build of configuration Debug for project Outputting Text ****
Info: Internal Builder is used for build
g++ -O0 -g3 -Wall -c -fmessage-length=0 -o "src\\Outputting Text.o" "..\\src\\Outputting Text.cpp" 
g++ -o "Outputting Text.exe" "src\\Outputting Text.o" 
09:20:46 **** Incremental Build of configuration Debug for project Outputting Text ****
Info: Internal Builder is used for build
g++ -O0 -g3 -Wall -c -fmessage-length=0 -o "src\\Outputting Text.o" "..\\src\\Outputting Text.cpp" 
g++ -o "Outputting Text.exe" "src\\Outputting Text.o" 
09:22:47 **** Incremental Build of configuration Debug for project Outputting Text ****
Info: Internal Builder is used for build
g++ -O0 -g3 -Wall -c -fmessage-length=0 -o "src\\Outputting Text.o" "..\\src\\Outputting Text.cpp" 
g++ -o "Outputting Text.exe" "src\\Outputting Text.o" 
09:24:27 **** Incremental Build of configuration Debug for project Outputting Text ****
Info: Internal Builder is used for build
g++ -O0 -g3 -Wall -c -fmessage-length=0 -o "src\\Outputting Text.o" "..\\src\\Outputting Text.cpp" 
g++ -o "Outputting Text.exe" "src\\Outputting Text.o" 
09:25:15 **** Incremental Build of configuration Debug for project Outputting Text ****
Info: Internal Builder is used for build
g++ -O0 -g3 -Wall -c -fmessage-length=0 -o "src\\Outputting Text.o" "..\\src\\Outputting Text.cpp" 
g++ -o "Outputting Text.exe" "src\\Outputting Text.o" 
09:36:10 **** Incremental Build of configuration Debug for project Outputting Text ****
Info: Internal Builder is used for build
g++ -O0 -g3 -Wall -c -fmessage-length=0 -o "src\\Outputting Text.o" "..\\src\\Outputting Text.cpp" 
g++ -o "Outputting Text.exe" "src\\Outputting Text.o" 
09:38:30 **** Rebuild of configuration Debug for project Variables ****
Info: Internal Builder is used for build
g++ -O0 -g3 -Wall -c -fmessage-length=0 -o "src\\Variables.o" "..\\src\\Variables.cpp" 
g++ -o Variables.exe "src\\Variables.o" 
09:38:33 **** Incremental Build of configuration Debug for project Variables ****
Info: Internal Builder is used for build
g++ -O0 -g3 -Wall -c -fmessage-length=0 -o "src\\Variables.o" "..\\src\\Variables.cpp" 
g++ -o Variables.exe "src\\Variables.o" 
09:39:45 **** Incremental Build of configuration Debug for project Variables ****
Info: Internal Builder is used for build
g++ -O0 -g3 -Wall -c -fmessage-length=0 -o "src\\Variables.o" "..\\src\\Variables.cpp" 
g++ -o Variables.exe "src\\Variables.o" 
09:43:26 **** Incremental Build of configuration Debug for project Variables ****
Info: Internal Builder is used for build
g++ -O0 -g3 -Wall -c -fmessage-length=0 -o "src\\Variables.o" "..\\src\\Variables.cpp" 
g++ -o Variables.exe "src\\Variables.o" 
09:45:07 **** Incremental Build of configuration Debug for project Variables ****
Info: Internal Builder is used for build
g++ -O0 -g3 -Wall -c -fmessage-length=0 -o "src\\Variables.o" "..\\src\\Variables.cpp" 
g++ -o Variables.exe "src\\Variables.o" 
09:45:41 **** Incremental Build of configuration Debug for project Variables ****
Info: Internal Builder is used for build
g++ -O0 -g3 -Wall -c -fmessage-length=0 -o "src\\Variables.o" "..\\src\\Variables.cpp" 
g++ -o Variables.exe "src\\Variables.o" 
09:45:53 **** Incremental Build of configuration Debug for project Variables ****
Info: Internal Builder is used for build
g++ -O0 -g3 -Wall -c -fmessage-length=0 -o "src\\Variables.o" "..\\src\\Variables.cpp" 
g++ -o Variables.exe "src\\Variables.o" 
09:47:10 **** Incremental Build of configuration Debug for project Variables ****
Info: Internal Builder is used for build
g++ -O0 -g3 -Wall -c -fmessage-length=0 -o "src\\Variables.o" "..\\src\\Variables.cpp" 
g++ -o Variables.exe "src\\Variables.o" 
09:49:06 **** Incremental Build of configuration Debug for project Variables ****
Info: Internal Builder is used for build
g++ -O0 -g3 -Wall -c -fmessage-length=0 -o "src\\Variables.o" "..\\src\\Variables.cpp" 
g++ -o Variables.exe "src\\Variables.o" 
09:52:24 **** Rebuild of configuration Debug for project Strings ****
Info: Internal Builder is used for build
g++ -O0 -g3 -Wall -c -fmessage-length=0 -o "src\\Strings.o" "..\\src\\Strings.cpp" 
g++ -o Strings.exe "src\\Strings.o" 
09:52:27 **** Incremental Build of configuration Debug for project Strings ****
Info: Internal Builder is used for build
g++ -O0 -g3 -Wall -c -fmessage-length=0 -o "src\\Strings.o" "..\\src\\Strings.cpp" 
g++ -o Strings.exe "src\\Strings.o" 
09:53:28 **** Incremental Build of configuration Debug for project Strings ****
Info: Internal Builder is used for build
g++ -O0 -g3 -Wall -c -fmessage-length=0 -o "src\\Strings.o" "..\\src\\Strings.cpp" 
g++ -o Strings.exe "src\\Strings.o" 
09:54:14 **** Incremental Build of configuration Debug for project Strings ****
Info: Internal Builder is used for build
g++ -O0 -g3 -Wall -c -fmessage-length=0 -o "src\\Strings.o" "..\\src\\Strings.cpp" 
g++ -o Strings.exe "src\\Strings.o" 
09:55:09 **** Incremental Build of configuration Debug for project Strings ****
Info: Internal Builder is used for build
g++ -O0 -g3 -Wall -c -fmessage-length=0 -o "src\\Strings.o" "..\\src\\Strings.cpp" 
g++ -o Strings.exe "src\\Strings.o" 
09:55:26 **** Incremental Build of configuration Debug for project Strings ****
Info: Internal Builder is used for build
g++ -O0 -g3 -Wall -c -fmessage-length=0 -o "src\\Strings.o" "..\\src\\Strings.cpp" 
g++ -o Strings.exe "src\\Strings.o" 
09:56:59 **** Incremental Build of configuration Debug for project Strings ****
Info: Internal Builder is used for build
g++ -O0 -g3 -Wall -c -fmessage-length=0 -o "src\\Strings.o" "..\\src\\Strings.cpp" 
g++ -o Strings.exe "src\\Strings.o" 
09:57:08 **** Incremental Build of configuration Debug for project Strings ****
Info: Internal Builder is used for build
g++ -O0 -g3 -Wall -c -fmessage-length=0 -o "src\\Strings.o" "..\\src\\Strings.cpp" 
g++ -o Strings.exe "src\\Strings.o" 
10:03:23 **** Rebuild of configuration Debug for project Input ****
Info: Internal Builder is used for build
g++ -O0 -g3 -Wall -c -fmessage-length=0 -o "src\\Input.o" "..\\src\\Input.cpp" 
g++ -o Input.exe "src\\Input.o" 
10:03:24 **** Incremental Build of configuration Debug for project Input ****
Info: Internal Builder is used for build
g++ -O0 -g3 -Wall -c -fmessage-length=0 -o "src\\Input.o" "..\\src\\Input.cpp" 
g++ -o Input.exe "src\\Input.o" 
10:05:51 **** Incremental Build of configuration Debug for project Input ****
Info: Internal Builder is used for build
g++ -O0 -g3 -Wall -c -fmessage-length=0 -o "src\\Input.o" "..\\src\\Input.cpp" 
g++ -o Input.exe "src\\Input.o" 
10:06:13 **** Incremental Build of configuration Debug for project Input ****
Info: Internal Builder is used for build
g++ -O0 -g3 -Wall -c -fmessage-length=0 -o "src\\Input.o" "..\\src\\Input.cpp" 
g++ -o Input.exe "src\\Input.o" 
c:/mingw/bin/../lib/gcc/mingw32/4.9.3/../../../../mingw32/bin/ld.exe: cannot open output file Input.exe: Permission denied
collect2.exe: error: ld returned 1 exit status
10:06:32 **** Incremental Build of configuration Debug for project Input ****
Info: Internal Builder is used for build
g++ -O0 -g3 -Wall -c -fmessage-length=0 -o "src\\Input.o" "..\\src\\Input.cpp" 
g++ -o Input.exe "src\\Input.o" 
c:/mingw/bin/../lib/gcc/mingw32/4.9.3/../../../../mingw32/bin/ld.exe: cannot open output file Input.exe: Permission denied
collect2.exe: error: ld returned 1 exit status
10:07:06 **** Incremental Build of configuration Debug for project Input ****
Info: Internal Builder is used for build
g++ -O0 -g3 -Wall -c -fmessage-length=0 -o "src\\Input.o" "..\\src\\Input.cpp" 
g++ -o Input.exe "src\\Input.o" 
c:/mingw/bin/../lib/gcc/mingw32/4.9.3/../../../../mingw32/bin/ld.exe: cannot open output file Input.exe: Permission denied
collect2.exe: error: ld returned 1 exit status
10:07:37 **** Incremental Build of configuration Debug for project Input ****
Info: Internal Builder is used for build
g++ -o Input.exe "src\\Input.o" 
c:/mingw/bin/../lib/gcc/mingw32/4.9.3/../../../../mingw32/bin/ld.exe: cannot open output file Input.exe: Permission denied
collect2.exe: error: ld returned 1 exit status
10:07:40 **** Incremental Build of configuration Debug for project Input ****
Info: Internal Builder is used for build
g++ -O0 -g3 -Wall -c -fmessage-length=0 -o "src\\Input.o" "..\\src\\Input.cpp" 
g++ -o Input.exe "src\\Input.o" 
c:/mingw/bin/../lib/gcc/mingw32/4.9.3/../../../../mingw32/bin/ld.exe: cannot open output file Input.exe: Permission denied
collect2.exe: error: ld returned 1 exit status
10:08:17 **** Incremental Build of configuration Debug for project Input ****
Info: Internal Builder is used for build
g++ -o Input.exe "src\\Input.o" 
c:/mingw/bin/../lib/gcc/mingw32/4.9.3/../../../../mingw32/bin/ld.exe: cannot open output file Input.exe: Permission denied
collect2.exe: error: ld returned 1 exit status
10:08:40 **** Incremental Build of configuration Debug for project Input ****
Info: Internal Builder is used for build
g++ -o Input.exe "src\\Input.o" 
c:/mingw/bin/../lib/gcc/mingw32/4.9.3/../../../../mingw32/bin/ld.exe: cannot open output file Input.exe: Permission denied
collect2.exe: error: ld returned 1 exit status
10:10:23 **** Incremental Build of configuration Debug for project Input ****
Info: Internal Builder is used for build
g++ -o Input.exe "src\\Input.o" 
c:/mingw/bin/../lib/gcc/mingw32/4.9.3/../../../../mingw32/bin/ld.exe: cannot open output file Input.exe: Permission denied
collect2.exe: error: ld returned 1 exit status
10:12:14 **** Incremental Build of configuration Debug for project Input ****
Info: Internal Builder is used for build
g++ -o Input.exe "src\\Input.o" 
10:14:45 **** Incremental Build of configuration Debug for project Input ****
Info: Internal Builder is used for build
g++ -O0 -g3 -Wall -c -fmessage-length=0 -o "src\\Input.o" "..\\src\\Input.cpp" 
g++ -o Input.exe "src\\Input.o" 
10:15:10 **** Incremental Build of configuration Debug for project Input ****
Info: Internal Builder is used for build
g++ -O0 -g3 -Wall -c -fmessage-length=0 -o "src\\Input.o" "..\\src\\Input.cpp" 
g++ -o Input.exe "src\\Input.o" 
Info: Nothing to build for Input
10:26:50 **** Rebuild of configuration Debug for project Integer Types ****
Info: Internal Builder is used for build
g++ -O0 -g3 -Wall -c -fmessage-length=0 -o "src\\Integer Types.o" "..\\src\\Integer Types.cpp" 
g++ -o "Integer Types.exe" "src\\Integer Types.o" 
10:26:52 **** Incremental Build of configuration Debug for project Integer Types ****
Info: Internal Builder is used for build
g++ -O0 -g3 -Wall -c -fmessage-length=0 -o "src\\Integer Types.o" "..\\src\\Integer Types.cpp" 
g++ -o "Integer Types.exe" "src\\Integer Types.o" 
10:27:02 **** Incremental Build of configuration Debug for project Integer Types ****
Info: Internal Builder is used for build
g++ -O0 -g3 -Wall -c -fmessage-length=0 -o "src\\Integer Types.o" "..\\src\\Integer Types.cpp" 
..\src\Integer Types.cpp:14:14: warning: integer constant is too large for its type
  int value = 7756456465454564564564654654567;
              ^
..\src\Integer Types.cpp:14:2: warning: this decimal constant is unsigned only in ISO C90
  int value = 7756456465454564564564654654567;
  ^
..\src\Integer Types.cpp: In function 'int main()':
..\src\Integer Types.cpp:14:14: warning: overflow in implicit constant conversion [-Woverflow]
  int value = 7756456465454564564564654654567;
              ^
g++ -o "Integer Types.exe" "src\\Integer Types.o" 
10:28:43 **** Incremental Build of configuration Debug for project Integer Types ****
Info: Internal Builder is used for build
g++ -O0 -g3 -Wall -c -fmessage-length=0 -o "src\\Integer Types.o" "..\\src\\Integer Types.cpp" 
..\src\Integer Types.cpp: In function 'int main()':
..\src\Integer Types.cpp:17:8: error: 'INT_MAX' was not declared in this scope
  cout<<INT_MAX<<endl;
        ^
10:30:53 **** Incremental Build of configuration Debug for project Integer Types ****
Info: Internal Builder is used for build
g++ -O0 -g3 -Wall -c -fmessage-length=0 -o "src\\Integer Types.o" "..\\src\\Integer Types.cpp" 
..\src\Integer Types.cpp: In function 'int main()':
..\src\Integer Types.cpp:17:8: error: 'INT_MAX' was not declared in this scope
  cout<<INT_MAX<<endl;
        ^
10:31:03 **** Incremental Build of configuration Debug for project Integer Types ****
Info: Internal Builder is used for build
g++ -O0 -g3 -Wall -c -fmessage-length=0 -o "src\\Integer Types.o" "..\\src\\Integer Types.cpp" 
..\src\Integer Types.cpp: In function 'int main()':
..\src\Integer Types.cpp:17:8: error: 'INT_MAX' was not declared in this scope
  cout<<INT_MAX<<endl;
        ^
10:31:09 **** Incremental Build of configuration Debug for project Integer Types ****
Info: Internal Builder is used for build
g++ -O0 -g3 -Wall -c -fmessage-length=0 -o "src\\Integer Types.o" "..\\src\\Integer Types.cpp" 
..\src\Integer Types.cpp: In function 'int main()':
..\src\Integer Types.cpp:17:30: error: 'INT_MAX' was not declared in this scope
  cout << "Max int value: " <<INT_MAX <<endl;
                              ^
..\src\Integer Types.cpp:18:30: error: 'INT_MIN' was not declared in this scope
  cout << "Min int value: " <<INT_MIN<<endl;
                              ^
10:33:26 **** Incremental Build of configuration Debug for project Integer Types ****
Info: Internal Builder is used for build
g++ -O0 -g3 -Wall -c -fmessage-length=0 -o "src\\Integer Types.o" "..\\src\\Integer Types.cpp" 
..\src\Integer Types.cpp: In function 'int main()':
..\src\Integer Types.cpp:17:30: error: 'INT_MAX' was not declared in this scope
  cout << "Max int value: " <<INT_MAX <<endl;
                              ^
..\src\Integer Types.cpp:18:30: error: 'INT_MIN' was not declared in this scope
  cout << "Min int value: " <<INT_MIN<<endl;
                              ^
10:33:35 **** Incremental Build of configuration Debug for project Integer Types ****
Info: Internal Builder is used for build
g++ -O0 -g3 -Wall -c -fmessage-length=0 -o "src\\Integer Types.o" "..\\src\\Integer Types.cpp" 
g++ -o "Integer Types.exe" "src\\Integer Types.o" 
10:35:22 **** Incremental Build of configuration Debug for project Integer Types ****
Info: Internal Builder is used for build
g++ -O0 -g3 -Wall -c -fmessage-length=0 -o "src\\Integer Types.o" "..\\src\\Integer Types.cpp" 
..\src\Integer Types.cpp: In function 'int main()':
..\src\Integer Types.cpp:20:20: warning: overflow in implicit constant conversion [-Woverflow]
  long int lValue = 262654513545364
                    ^
..\src\Integer Types.cpp:21:2: error: expected ',' or ';' before 'cout'
  cout << lValue<<endl;
  ^
..\src\Integer Types.cpp:20:11: warning: unused variable 'lValue' [-Wunused-variable]
  long int lValue = 262654513545364
           ^
10:35:38 **** Incremental Build of configuration Debug for project Integer Types ****
Info: Internal Builder is used for build
g++ -O0 -g3 -Wall -c -fmessage-length=0 -o "src\\Integer Types.o" "..\\src\\Integer Types.cpp" 
..\src\Integer Types.cpp: In function 'int main()':
..\src\Integer Types.cpp:20:20: warning: overflow in implicit constant conversion [-Woverflow]
  long int lValue = 262654513545364;
                    ^
g++ -o "Integer Types.exe" "src\\Integer Types.o" 
10:35:57 **** Incremental Build of configuration Debug for project Integer Types ****
Info: Internal Builder is used for build
g++ -O0 -g3 -Wall -c -fmessage-length=0 -o "src\\Integer Types.o" "..\\src\\Integer Types.cpp" 
g++ -o "Integer Types.exe" "src\\Integer Types.o" 
10:36:05 **** Incremental Build of configuration Debug for project Integer Types ****
Info: Internal Builder is used for build
g++ -O0 -g3 -Wall -c -fmessage-length=0 -o "src\\Integer Types.o" "..\\src\\Integer Types.cpp" 
g++ -o "Integer Types.exe" "src\\Integer Types.o" 
10:37:26 **** Incremental Build of configuration Debug for project Integer Types ****
Info: Internal Builder is used for build
g++ -O0 -g3 -Wall -c -fmessage-length=0 -o "src\\Integer Types.o" "..\\src\\Integer Types.cpp" 
g++ -o "Integer Types.exe" "src\\Integer Types.o" 
10:38:35 **** Incremental Build of configuration Debug for project Integer Types ****
Info: Internal Builder is used for build
g++ -O0 -g3 -Wall -c -fmessage-length=0 -o "src\\Integer Types.o" "..\\src\\Integer Types.cpp" 
g++ -o "Integer Types.exe" "src\\Integer Types.o" 
10:39:34 **** Incremental Build of configuration Debug for project Integer Types ****
Info: Internal Builder is used for build
g++ -O0 -g3 -Wall -c -fmessage-length=0 -o "src\\Integer Types.o" "..\\src\\Integer Types.cpp" 
g++ -o "Integer Types.exe" "src\\Integer Types.o" 
10:41:06 **** Incremental Build of configuration Debug for project Integer Types ****
Info: Internal Builder is used for build
g++ -O0 -g3 -Wall -c -fmessage-length=0 -o "src\\Integer Types.o" "..\\src\\Integer Types.cpp" 
..\src\Integer Types.cpp: In function 'int main()':
..\src\Integer Types.cpp:21:2: error: expected ',' or ';' before 'long'
  long lValue2 = 26265665
  ^
10:41:22 **** Incremental Build of configuration Debug for project Integer Types ****
Info: Internal Builder is used for build
g++ -O0 -g3 -Wall -c -fmessage-length=0 -o "src\\Integer Types.o" "..\\src\\Integer Types.cpp" 
..\src\Integer Types.cpp: In function 'int main()':
..\src\Integer Types.cpp:21:7: warning: unused variable 'lValue2' [-Wunused-variable]
  long lValue2 = 26265665;
       ^
g++ -o "Integer Types.exe" "src\\Integer Types.o" 
10:46:02 **** Rebuild of configuration Debug for project Floating Point Types ****
Info: Internal Builder is used for build
g++ -O0 -g3 -Wall -c -fmessage-length=0 -o "src\\Floating Point Types.o" "..\\src\\Floating Point Types.cpp" 
g++ -o "Floating Point Types.exe" "src\\Floating Point Types.o" 
10:46:06 **** Incremental Build of configuration Debug for project Floating Point Types ****
Info: Internal Builder is used for build
g++ -O0 -g3 -Wall -c -fmessage-length=0 -o "src\\Floating Point Types.o" "..\\src\\Floating Point Types.cpp" 
g++ -o "Floating Point Types.exe" "src\\Floating Point Types.o" 
10:46:28 **** Incremental Build of configuration Debug for project Floating Point Types ****
Info: Internal Builder is used for build
g++ -O0 -g3 -Wall -c -fmessage-length=0 -o "src\\Floating Point Types.o" "..\\src\\Floating Point Types.cpp" 
..\src\Floating Point Types.cpp: In function 'int main()':
..\src\Floating Point Types.cpp:15:8: error: 'value' was not declared in this scope
  cout<<value<<endl;
        ^
..\src\Floating Point Types.cpp:14:8: warning: unused variable 'fvalue' [-Wunused-variable]
  float fvalue = 76.4 ;
        ^
10:46:38 **** Incremental Build of configuration Debug for project Floating Point Types ****
Info: Internal Builder is used for build
g++ -O0 -g3 -Wall -c -fmessage-length=0 -o "src\\Floating Point Types.o" "..\\src\\Floating Point Types.cpp" 
g++ -o "Floating Point Types.exe" "src\\Floating Point Types.o" 
10:47:05 **** Incremental Build of configuration Debug for project Floating Point Types ****
Info: Internal Builder is used for build
g++ -O0 -g3 -Wall -c -fmessage-length=0 -o "src\\Floating Point Types.o" "..\\src\\Floating Point Types.cpp" 
g++ -o "Floating Point Types.exe" "src\\Floating Point Types.o" 
10:48:30 **** Incremental Build of configuration Debug for project Floating Point Types ****
Info: Internal Builder is used for build
g++ -O0 -g3 -Wall -c -fmessage-length=0 -o "src\\Floating Point Types.o" "..\\src\\Floating Point Types.cpp" 
g++ -o "Floating Point Types.exe" "src\\Floating Point Types.o" 
10:49:07 **** Incremental Build of configuration Debug for project Floating Point Types ****
Info: Internal Builder is used for build
g++ -O0 -g3 -Wall -c -fmessage-length=0 -o "src\\Floating Point Types.o" "..\\src\\Floating Point Types.cpp" 
g++ -o "Floating Point Types.exe" "src\\Floating Point Types.o" 
10:50:08 **** Incremental Build of configuration Debug for project Floating Point Types ****
Info: Internal Builder is used for build
g++ -O0 -g3 -Wall -c -fmessage-length=0 -o "src\\Floating Point Types.o" "..\\src\\Floating Point Types.cpp" 
g++ -o "Floating Point Types.exe" "src\\Floating Point Types.o" 
10:50:24 **** Incremental Build of configuration Debug for project Floating Point Types ****
Info: Internal Builder is used for build
g++ -O0 -g3 -Wall -c -fmessage-length=0 -o "src\\Floating Point Types.o" "..\\src\\Floating Point Types.cpp" 
g++ -o "Floating Point Types.exe" "src\\Floating Point Types.o" 
10:53:04 **** Incremental Build of configuration Debug for project Floating Point Types ****
Info: Internal Builder is used for build
g++ -O0 -g3 -Wall -c -fmessage-length=0 -o "src\\Floating Point Types.o" "..\\src\\Floating Point Types.cpp" 
g++ -o "Floating Point Types.exe" "src\\Floating Point Types.o" 
10:54:04 **** Incremental Build of configuration Debug for project Floating Point Types ****
Info: Internal Builder is used for build
g++ -O0 -g3 -Wall -c -fmessage-length=0 -o "src\\Floating Point Types.o" "..\\src\\Floating Point Types.cpp" 
g++ -o "Floating Point Types.exe" "src\\Floating Point Types.o" 
10:54:58 **** Incremental Build of configuration Debug for project Floating Point Types ****
Info: Internal Builder is used for build
g++ -O0 -g3 -Wall -c -fmessage-length=0 -o "src\\Floating Point Types.o" "..\\src\\Floating Point Types.cpp" 
g++ -o "Floating Point Types.exe" "src\\Floating Point Types.o" 
10:56:29 **** Incremental Build of configuration Debug for project Floating Point Types ****
Info: Internal Builder is used for build
g++ -O0 -g3 -Wall -c -fmessage-length=0 -o "src\\Floating Point Types.o" "..\\src\\Floating Point Types.cpp" 
g++ -o "Floating Point Types.exe" "src\\Floating Point Types.o" 
10:57:34 **** Incremental Build of configuration Debug for project Floating Point Types ****
Info: Internal Builder is used for build
g++ -O0 -g3 -Wall -c -fmessage-length=0 -o "src\\Floating Point Types.o" "..\\src\\Floating Point Types.cpp" 
g++ -o "Floating Point Types.exe" "src\\Floating Point Types.o" 
11:00:29 **** Rebuild of configuration Debug for project Other Types ****
Info: Internal Builder is used for build
g++ -O0 -g3 -Wall -c -fmessage-length=0 -o "src\\Other Types.o" "..\\src\\Other Types.cpp" 
g++ -o "Other Types.exe" "src\\Other Types.o" 
11:00:34 **** Incremental Build of configuration Debug for project Other Types ****
Info: Internal Builder is used for build
g++ -O0 -g3 -Wall -c -fmessage-length=0 -o "src\\Other Types.o" "..\\src\\Other Types.cpp" 
..\src\Other Types.cpp: In function 'int main()':
..\src\Other Types.cpp:18:1: error: expected ';' before '}' token
 }
 ^
11:00:46 **** Incremental Build of configuration Debug for project Other Types ****
Info: Internal Builder is used for build
g++ -O0 -g3 -Wall -c -fmessage-length=0 -o "src\\Other Types.o" "..\\src\\Other Types.cpp" 
g++ -o "Other Types.exe" "src\\Other Types.o" 
11:02:20 **** Incremental Build of configuration Debug for project Other Types ****
Info: Internal Builder is used for build
g++ -O0 -g3 -Wall -c -fmessage-length=0 -o "src\\Other Types.o" "..\\src\\Other Types.cpp" 
g++ -o "Other Types.exe" "src\\Other Types.o" 
11:04:51 **** Incremental Build of configuration Debug for project Other Types ****
Info: Internal Builder is used for build
g++ -O0 -g3 -Wall -c -fmessage-length=0 -o "src\\Other Types.o" "..\\src\\Other Types.cpp" 
..\src\Other Types.cpp: In function 'int main()':
..\src\Other Types.cpp:20:7: error: redeclaration of 'char cValue'
  char cValue = '7';
       ^
..\src\Other Types.cpp:17:7: note: 'char cValue' previously declared here
  char cValue = 7;
       ^
11:05:08 **** Incremental Build of configuration Debug for project Other Types ****
Info: Internal Builder is used for build
g++ -O0 -g3 -Wall -c -fmessage-length=0 -o "src\\Other Types.o" "..\\src\\Other Types.cpp" 
..\src\Other Types.cpp: In function 'int main()':
..\src\Other Types.cpp:20:7: error: redeclaration of 'char cValue'
  char cValue = "7";
       ^
..\src\Other Types.cpp:17:7: note: 'char cValue' previously declared here
  char cValue = 7;
       ^
11:05:44 **** Incremental Build of configuration Debug for project Other Types ****
Info: Internal Builder is used for build
g++ -O0 -g3 -Wall -c -fmessage-length=0 -o "src\\Other Types.o" "..\\src\\Other Types.cpp" 
..\src\Other Types.cpp: In function 'int main()':
..\src\Other Types.cpp:20:7: error: redeclaration of 'char cValue'
  char cValue = '7';
       ^
..\src\Other Types.cpp:17:7: note: 'char cValue' previously declared here
  char cValue = 7;
       ^
..\src\Other Types.cpp:23:7: error: redeclaration of 'char cValue'
  char cValue = '7';
       ^
..\src\Other Types.cpp:17:7: note: 'char cValue' previously declared here
  char cValue = 7;
       ^
11:05:57 **** Incremental Build of configuration Debug for project Other Types ****
Info: Internal Builder is used for build
g++ -O0 -g3 -Wall -c -fmessage-length=0 -o "src\\Other Types.o" "..\\src\\Other Types.cpp" 
..\src\Other Types.cpp: In function 'int main()':
..\src\Other Types.cpp:20:7: error: redeclaration of 'char cValue'
  char cValue = '7';
       ^
..\src\Other Types.cpp:17:7: note: 'char cValue' previously declared here
  char cValue = 7;
       ^
11:06:13 **** Incremental Build of configuration Debug for project Other Types ****
Info: Internal Builder is used for build
g++ -O0 -g3 -Wall -c -fmessage-length=0 -o "src\\Other Types.o" "..\\src\\Other Types.cpp" 
g++ -o "Other Types.exe" "src\\Other Types.o" 
11:06:26 **** Incremental Build of configuration Debug for project Other Types ****
Info: Internal Builder is used for build
g++ -O0 -g3 -Wall -c -fmessage-length=0 -o "src\\Other Types.o" "..\\src\\Other Types.cpp" 
..\src\Other Types.cpp: In function 'int main()':
..\src\Other Types.cpp:20:17: error: invalid conversion from 'const char*' to 'char' [-fpermissive]
  char cValue1 = "7";
                 ^
11:06:36 **** Incremental Build of configuration Debug for project Other Types ****
Info: Internal Builder is used for build
g++ -O0 -g3 -Wall -c -fmessage-length=0 -o "src\\Other Types.o" "..\\src\\Other Types.cpp" 
g++ -o "Other Types.exe" "src\\Other Types.o" 
11:06:46 **** Incremental Build of configuration Debug for project Other Types ****
Info: Internal Builder is used for build
g++ -O0 -g3 -Wall -c -fmessage-length=0 -o "src\\Other Types.o" "..\\src\\Other Types.cpp" 
g++ -o "Other Types.exe" "src\\Other Types.o" 
13:35:00 **** Incremental Build of configuration Debug for project Other Types ****
Info: Internal Builder is used for build
g++ -O0 -g3 -Wall -c -fmessage-length=0 -o "src\\Other Types.o" "..\\src\\Other Types.cpp" 
g++ -o "Other Types.exe" "src\\Other Types.o" 
13:35:54 **** Incremental Build of configuration Debug for project Other Types ****
Info: Internal Builder is used for build
g++ -O0 -g3 -Wall -c -fmessage-length=0 -o "src\\Other Types.o" "..\\src\\Other Types.cpp" 
..\src\Other Types.cpp: In function 'int main()':
..\src\Other Types.cpp:28:8: error: 'wvalue' was not declared in this scope
  cout<<wvalue<<endl;
        ^
..\src\Other Types.cpp:27:10: warning: unused variable 'wValue' [-Wunused-variable]
  wchar_t wValue = 'i';
          ^
13:36:02 **** Incremental Build of configuration Debug for project Other Types ****
Info: Internal Builder is used for build
g++ -O0 -g3 -Wall -c -fmessage-length=0 -o "src\\Other Types.o" "..\\src\\Other Types.cpp" 
g++ -o "Other Types.exe" "src\\Other Types.o" 
13:36:32 **** Incremental Build of configuration Debug for project Other Types ****
Info: Internal Builder is used for build
g++ -O0 -g3 -Wall -c -fmessage-length=0 -o "src\\Other Types.o" "..\\src\\Other Types.cpp" 
g++ -o "Other Types.exe" "src\\Other Types.o" 
13:42:04 **** Rebuild of configuration Debug for project If Statement ****
Info: Internal Builder is used for build
g++ -O0 -g3 -Wall -c -fmessage-length=0 -o "src\\If Statement.o" "..\\src\\If Statement.cpp" 
g++ -o "If Statement.exe" "src\\If Statement.o" 
13:42:07 **** Incremental Build of configuration Debug for project If Statement ****
Info: Internal Builder is used for build
g++ -O0 -g3 -Wall -c -fmessage-length=0 -o "src\\If Statement.o" "..\\src\\If Statement.cpp" 
g++ -o "If Statement.exe" "src\\If Statement.o" 
Info: Nothing to build for If Statement
13:47:53 **** Incremental Build of configuration Debug for project If Statement ****
Info: Internal Builder is used for build
g++ -O0 -g3 -Wall -c -fmessage-length=0 -o "src\\If Statement.o" "..\\src\\If Statement.cpp" 
g++ -o "If Statement.exe" "src\\If Statement.o" 
13:48:03 **** Incremental Build of configuration Debug for project If Statement ****
Info: Internal Builder is used for build
g++ -O0 -g3 -Wall -c -fmessage-length=0 -o "src\\If Statement.o" "..\\src\\If Statement.cpp" 
g++ -o "If Statement.exe" "src\\If Statement.o" 
Info: Nothing to build for If Statement
14:09:09 **** Rebuild of configuration Debug for project If-Else ****
Info: Internal Builder is used for build
g++ -O0 -g3 -Wall -c -fmessage-length=0 -o "src\\If-Else.o" "..\\src\\If-Else.cpp" 
g++ -o If-Else.exe "src\\If-Else.o" 
14:09:13 **** Incremental Build of configuration Debug for project If-Else ****
Info: Internal Builder is used for build
g++ -O0 -g3 -Wall -c -fmessage-length=0 -o "src\\If-Else.o" "..\\src\\If-Else.cpp" 
g++ -o If-Else.exe "src\\If-Else.o" 
14:10:18 **** Incremental Build of configuration Debug for project If-Else ****
Info: Internal Builder is used for build
g++ -O0 -g3 -Wall -c -fmessage-length=0 -o "src\\If-Else.o" "..\\src\\If-Else.cpp" 
g++ -o If-Else.exe "src\\If-Else.o" 
14:11:37 **** Incremental Build of configuration Debug for project If-Else ****
Info: Internal Builder is used for build
g++ -O0 -g3 -Wall -c -fmessage-length=0 -o "src\\If-Else.o" "..\\src\\If-Else.cpp" 
g++ -o If-Else.exe "src\\If-Else.o" 
14:13:45 **** Incremental Build of configuration Debug for project If-Else ****
Info: Internal Builder is used for build
g++ -O0 -g3 -Wall -c -fmessage-length=0 -o "src\\If-Else.o" "..\\src\\If-Else.cpp" 
g++ -o If-Else.exe "src\\If-Else.o" 
14:14:29 **** Incremental Build of configuration Debug for project If-Else ****
Info: Internal Builder is used for build
g++ -O0 -g3 -Wall -c -fmessage-length=0 -o "src\\If-Else.o" "..\\src\\If-Else.cpp" 
g++ -o If-Else.exe "src\\If-Else.o" 
14:17:01 **** Incremental Build of configuration Debug for project If-Else ****
Info: Internal Builder is used for build
g++ -O0 -g3 -Wall -c -fmessage-length=0 -o "src\\If-Else.o" "..\\src\\If-Else.cpp" 
..\src\If-Else.cpp: In function 'int main()':
..\src\If-Else.cpp:34:20: error: invalid operands of types 'const char [14]' and '<unresolved overloaded function type>' to binary 'operator<<'
   "Not Quitting."<<endl;
                    ^
14:17:10 **** Incremental Build of configuration Debug for project If-Else ****
Info: Internal Builder is used for build
g++ -O0 -g3 -Wall -c -fmessage-length=0 -o "src\\If-Else.o" "..\\src\\If-Else.cpp" 
g++ -o If-Else.exe "src\\If-Else.o" 
c:/mingw/bin/../lib/gcc/mingw32/4.9.3/../../../../mingw32/bin/ld.exe: cannot open output file If-Else.exe: Permission denied
collect2.exe: error: ld returned 1 exit status
14:17:24 **** Incremental Build of configuration Debug for project If-Else ****
Info: Internal Builder is used for build
g++ -o If-Else.exe "src\\If-Else.o" 
c:/mingw/bin/../lib/gcc/mingw32/4.9.3/../../../../mingw32/bin/ld.exe: cannot open output file If-Else.exe: Permission denied
collect2.exe: error: ld returned 1 exit status
14:17:27 **** Incremental Build of configuration Debug for project If-Else ****
Info: Internal Builder is used for build
g++ -o If-Else.exe "src\\If-Else.o" 
c:/mingw/bin/../lib/gcc/mingw32/4.9.3/../../../../mingw32/bin/ld.exe: cannot open output file If-Else.exe: Permission denied
collect2.exe: error: ld returned 1 exit status
14:17:45 **** Incremental Build of configuration Debug for project If-Else ****
Info: Internal Builder is used for build
g++ -o If-Else.exe "src\\If-Else.o" 
c:/mingw/bin/../lib/gcc/mingw32/4.9.3/../../../../mingw32/bin/ld.exe: cannot open output file If-Else.exe: Permission denied
collect2.exe: error: ld returned 1 exit status
14:18:29 **** Incremental Build of configuration Debug for project If-Else ****
Info: Internal Builder is used for build
g++ -o If-Else.exe "src\\If-Else.o" 
Info: Nothing to build for If-Else
14:22:01 **** Incremental Build of configuration Debug for project If-Else ****
Info: Internal Builder is used for build
g++ -O0 -g3 -Wall -c -fmessage-length=0 -o "src\\If-Else.o" "..\\src\\If-Else.cpp" 
g++ -o If-Else.exe "src\\If-Else.o" 
14:22:10 **** Incremental Build of configuration Debug for project If-Else ****
Info: Internal Builder is used for build
g++ -O0 -g3 -Wall -c -fmessage-length=0 -o "src\\If-Else.o" "..\\src\\If-Else.cpp" 
g++ -o If-Else.exe "src\\If-Else.o" 
14:22:43 **** Incremental Build of configuration Debug for project If-Else ****
Info: Internal Builder is used for build
g++ -O0 -g3 -Wall -c -fmessage-length=0 -o "src\\If-Else.o" "..\\src\\If-Else.cpp" 
g++ -o If-Else.exe "src\\If-Else.o" 
14:23:12 **** Incremental Build of configuration Debug for project If-Else ****
Info: Internal Builder is used for build
g++ -O0 -g3 -Wall -c -fmessage-length=0 -o "src\\If-Else.o" "..\\src\\If-Else.cpp" 
g++ -o If-Else.exe "src\\If-Else.o" 
16:04:49 **** Rebuild of configuration Debug for project Compairing Flows ****
Info: Internal Builder is used for build
g++ -O0 -g3 -Wall -c -fmessage-length=0 -o "src\\Compairing Flows.o" "..\\src\\Compairing Flows.cpp" 
g++ -o "Compairing Flows.exe" "src\\Compairing Flows.o" 
16:04:52 **** Incremental Build of configuration Debug for project Compairing Flows ****
Info: Internal Builder is used for build
g++ -O0 -g3 -Wall -c -fmessage-length=0 -o "src\\Compairing Flows.o" "..\\src\\Compairing Flows.cpp" 
..\src\Compairing Flows.cpp: In function 'int main()':
..\src\Compairing Flows.cpp:17:5: error: 'value' was not declared in this scope
  if(value ==1.1){
     ^
16:05:02 **** Incremental Build of configuration Debug for project Compairing Flows ****
Info: Internal Builder is used for build
g++ -O0 -g3 -Wall -c -fmessage-length=0 -o "src\\Compairing Flows.o" "..\\src\\Compairing Flows.cpp" 
g++ -o "Compairing Flows.exe" "src\\Compairing Flows.o" 
16:07:08 **** Incremental Build of configuration Debug for project Compairing Flows ****
Info: Internal Builder is used for build
g++ -O0 -g3 -Wall -c -fmessage-length=0 -o "src\\Compairing Flows.o" "..\\src\\Compairing Flows.cpp" 
g++ -o "Compairing Flows.exe" "src\\Compairing Flows.o" 
16:22:30 **** Rebuild of configuration Debug for project Complex Conditions ****
Info: Internal Builder is used for build
g++ -O0 -g3 -Wall -c -fmessage-length=0 -o "src\\Complex Conditions.o" "..\\src\\Complex Conditions.cpp" 
g++ -o "Complex Conditions.exe" "src\\Complex Conditions.o" 
16:22:34 **** Incremental Build of configuration Debug for project Complex Conditions ****
Info: Internal Builder is used for build
g++ -O0 -g3 -Wall -c -fmessage-length=0 -o "src\\Complex Conditions.o" "..\\src\\Complex Conditions.cpp" 
..\src\Complex Conditions.cpp: In function 'int main()':
..\src\Complex Conditions.cpp:24:7: warning: unused variable 'value2' [-Wunused-variable]
   int value2 = 4;
       ^
g++ -o "Complex Conditions.exe" "src\\Complex Conditions.o" 
16:23:58 **** Incremental Build of configuration Debug for project Complex Conditions ****
Info: Internal Builder is used for build
g++ -O0 -g3 -Wall -c -fmessage-length=0 -o "src\\Complex Conditions.o" "..\\src\\Complex Conditions.cpp" 
g++ -o "Complex Conditions.exe" "src\\Complex Conditions.o" 
16:24:31 **** Incremental Build of configuration Debug for project Complex Conditions ****
Info: Internal Builder is used for build
g++ -O0 -g3 -Wall -c -fmessage-length=0 -o "src\\Complex Conditions.o" "..\\src\\Complex Conditions.cpp" 
g++ -o "Complex Conditions.exe" "src\\Complex Conditions.o" 
16:25:08 **** Incremental Build of configuration Debug for project Complex Conditions ****
Info: Internal Builder is used for build
g++ -O0 -g3 -Wall -c -fmessage-length=0 -o "src\\Complex Conditions.o" "..\\src\\Complex Conditions.cpp" 
g++ -o "Complex Conditions.exe" "src\\Complex Conditions.o" 
16:27:57 **** Incremental Build of configuration Debug for project Complex Conditions ****
Info: Internal Builder is used for build
g++ -O0 -g3 -Wall -c -fmessage-length=0 -o "src\\Complex Conditions.o" "..\\src\\Complex Conditions.cpp" 
g++ -o "Complex Conditions.exe" "src\\Complex Conditions.o" 
Info: Nothing to build for Complex Conditions
Info: Nothing to build for Complex Conditions
16:31:13 **** Incremental Build of configuration Debug for project Complex Conditions ****
Info: Internal Builder is used for build
g++ -O0 -g3 -Wall -c -fmessage-length=0 -o "src\\Complex Conditions.o" "..\\src\\Complex Conditions.cpp" 
..\src\Complex Conditions.cpp: In function 'int main()':
..\src\Complex Conditions.cpp:50:17: warning: suggest parentheses around '&&' within '||' [-Wparentheses]
  if (value2 !=8 && value1 == 10 ||value1<10) {
                 ^
g++ -o "Complex Conditions.exe" "src\\Complex Conditions.o" 
16:31:43 **** Incremental Build of configuration Debug for project Complex Conditions ****
Info: Internal Builder is used for build
g++ -O0 -g3 -Wall -c -fmessage-length=0 -o "src\\Complex Conditions.o" "..\\src\\Complex Conditions.cpp" 
..\src\Complex Conditions.cpp: In function 'int main()':
..\src\Complex Conditions.cpp:50:17: warning: suggest parentheses around '&&' within '||' [-Wparentheses]
  if (value2 !=8 && value1 == 10 ||value1<6) {
                 ^
g++ -o "Complex Conditions.exe" "src\\Complex Conditions.o" 
16:33:33 **** Incremental Build of configuration Debug for project Complex Conditions ****
Info: Internal Builder is used for build
g++ -O0 -g3 -Wall -c -fmessage-length=0 -o "src\\Complex Conditions.o" "..\\src\\Complex Conditions.cpp" 
..\src\Complex Conditions.cpp: In function 'int main()':
..\src\Complex Conditions.cpp:50:17: warning: suggest parentheses around '&&' within '||' [-Wparentheses]
  if (value2 !=8 && value1 == 10 ||value1<10) {
                 ^
..\src\Complex Conditions.cpp:59:2: error: expected ';' before 'return'
  return 0;
  ^
16:33:39 **** Incremental Build of configuration Debug for project Complex Conditions ****
Info: Internal Builder is used for build
g++ -O0 -g3 -Wall -c -fmessage-length=0 -o "src\\Complex Conditions.o" "..\\src\\Complex Conditions.cpp" 
..\src\Complex Conditions.cpp: In function 'int main()':
..\src\Complex Conditions.cpp:50:17: warning: suggest parentheses around '&&' within '||' [-Wparentheses]
  if (value2 !=8 && value1 == 10 ||value1<10) {
                 ^
g++ -o "Complex Conditions.exe" "src\\Complex Conditions.o" 
16:33:50 **** Incremental Build of configuration Debug for project Complex Conditions ****
Info: Internal Builder is used for build
g++ -O0 -g3 -Wall -c -fmessage-length=0 -o "src\\Complex Conditions.o" "..\\src\\Complex Conditions.cpp" 
..\src\Complex Conditions.cpp: In function 'int main()':
..\src\Complex Conditions.cpp:50:17: warning: suggest parentheses around '&&' within '||' [-Wparentheses]
  if (value2 !=8 && value1 == 10 ||value1<10) {
                 ^
g++ -o "Complex Conditions.exe" "src\\Complex Conditions.o" 
16:34:49 **** Incremental Build of configuration Debug for project Complex Conditions ****
Info: Internal Builder is used for build
g++ -O0 -g3 -Wall -c -fmessage-length=0 -o "src\\Complex Conditions.o" "..\\src\\Complex Conditions.cpp" 
..\src\Complex Conditions.cpp: In function 'int main()':
..\src\Complex Conditions.cpp:50:17: warning: suggest parentheses around '&&' within '||' [-Wparentheses]
  if (value2 !=8 && value1 == 10 ||value1<10) {
                 ^
..\src\Complex Conditions.cpp:60:8: error: 'condition2' was not declared in this scope
  cout<<condition2<<endl;
        ^
..\src\Complex Conditions.cpp:59:7: warning: unused variable 'conidition2' [-Wunused-variable]
  bool conidition2 = (value1<value2);
       ^
16:35:00 **** Incremental Build of configuration Debug for project Complex Conditions ****
Info: Internal Builder is used for build
g++ -O0 -g3 -Wall -c -fmessage-length=0 -o "src\\Complex Conditions.o" "..\\src\\Complex Conditions.cpp" 
..\src\Complex Conditions.cpp: In function 'int main()':
..\src\Complex Conditions.cpp:50:17: warning: suggest parentheses around '&&' within '||' [-Wparentheses]
  if (value2 !=8 && value1 == 10 ||value1<10) {
                 ^
g++ -o "Complex Conditions.exe" "src\\Complex Conditions.o" 
16:35:10 **** Incremental Build of configuration Debug for project Complex Conditions ****
Info: Internal Builder is used for build
g++ -O0 -g3 -Wall -c -fmessage-length=0 -o "src\\Complex Conditions.o" "..\\src\\Complex Conditions.cpp" 
..\src\Complex Conditions.cpp: In function 'int main()':
..\src\Complex Conditions.cpp:50:17: warning: suggest parentheses around '&&' within '||' [-Wparentheses]
  if (value2 !=8 && value1 == 10 ||value1<10) {
                 ^
g++ -o "Complex Conditions.exe" "src\\Complex Conditions.o" 
16:35:52 **** Incremental Build of configuration Debug for project Complex Conditions ****
Info: Internal Builder is used for build
g++ -O0 -g3 -Wall -c -fmessage-length=0 -o "src\\Complex Conditions.o" "..\\src\\Complex Conditions.cpp" 
..\src\Complex Conditions.cpp: In function 'int main()':
..\src\Complex Conditions.cpp:50:18: warning: suggest parentheses around '&&' within '||' [-Wparentheses]
  if (value2 != 8 && value1 == 10 || value1 < 10) {
                  ^
g++ -o "Complex Conditions.exe" "src\\Complex Conditions.o" 
16:38:06 **** Rebuild of configuration Debug for project While ****
Info: Internal Builder is used for build
g++ -O0 -g3 -Wall -c -fmessage-length=0 -o "src\\While.o" "..\\src\\While.cpp" 
g++ -o While.exe "src\\While.o" 
16:38:08 **** Incremental Build of configuration Debug for project While ****
Info: Internal Builder is used for build
g++ -O0 -g3 -Wall -c -fmessage-length=0 -o "src\\While.o" "..\\src\\While.cpp" 
g++ -o While.exe "src\\While.o" 
16:39:51 **** Incremental Build of configuration Debug for project While ****
Info: Internal Builder is used for build
g++ -O0 -g3 -Wall -c -fmessage-length=0 -o "src\\While.o" "..\\src\\While.cpp" 
g++ -o While.exe "src\\While.o" 
16:40:03 **** Incremental Build of configuration Debug for project While ****
Info: Internal Builder is used for build
g++ -O0 -g3 -Wall -c -fmessage-length=0 -o "src\\While.o" "..\\src\\While.cpp" 
g++ -o While.exe "src\\While.o" 
16:40:56 **** Incremental Build of configuration Debug for project While ****
Info: Internal Builder is used for build
g++ -O0 -g3 -Wall -c -fmessage-length=0 -o "src\\While.o" "..\\src\\While.cpp" 
g++ -o While.exe "src\\While.o" 
16:42:22 **** Incremental Build of configuration Debug for project While ****
Info: Internal Builder is used for build
g++ -O0 -g3 -Wall -c -fmessage-length=0 -o "src\\While.o" "..\\src\\While.cpp" 
g++ -o While.exe "src\\While.o" 
16:42:37 **** Incremental Build of configuration Debug for project While ****
Info: Internal Builder is used for build
g++ -O0 -g3 -Wall -c -fmessage-length=0 -o "src\\While.o" "..\\src\\While.cpp" 
g++ -o While.exe "src\\While.o" 
16:46:46 **** Rebuild of configuration Debug for project Do While ****
Info: Internal Builder is used for build
g++ -O0 -g3 -Wall -c -fmessage-length=0 -o "src\\Do While.o" "..\\src\\Do While.cpp" 
g++ -o "Do While.exe" "src\\Do While.o" 
16:46:49 **** Incremental Build of configuration Debug for project Do While ****
Info: Internal Builder is used for build
g++ -O0 -g3 -Wall -c -fmessage-length=0 -o "src\\Do While.o" "..\\src\\Do While.cpp" 
g++ -o "Do While.exe" "src\\Do While.o" 
16:46:55 **** Incremental Build of configuration Debug for project Do While ****
Info: Internal Builder is used for build
g++ -O0 -g3 -Wall -c -fmessage-length=0 -o "src\\Do While.o" "..\\src\\Do While.cpp" 
g++ -o "Do While.exe" "src\\Do While.o" 
16:47:09 **** Incremental Build of configuration Debug for project Do While ****
Info: Internal Builder is used for build
g++ -O0 -g3 -Wall -c -fmessage-length=0 -o "src\\Do While.o" "..\\src\\Do While.cpp" 
..\src\Do While.cpp: In function 'int main()':
..\src\Do While.cpp:19:2: error: expected ';' before '}' token
  }while(value <10);
  ^
16:47:13 **** Incremental Build of configuration Debug for project Do While ****
Info: Internal Builder is used for build
g++ -O0 -g3 -Wall -c -fmessage-length=0 -o "src\\Do While.o" "..\\src\\Do While.cpp" 
g++ -o "Do While.exe" "src\\Do While.o" 
16:49:20 **** Incremental Build of configuration Debug for project Do While ****
Info: Internal Builder is used for build
g++ -O0 -g3 -Wall -c -fmessage-length=0 -o "src\\Do While.o" "..\\src\\Do While.cpp" 
..\src\Do While.cpp: In function 'int main()':
..\src\Do While.cpp:25:2: error: expected ';' before 'return'
  return 0;
  ^
16:49:29 **** Incremental Build of configuration Debug for project Do While ****
Info: Internal Builder is used for build
g++ -O0 -g3 -Wall -c -fmessage-length=0 -o "src\\Do While.o" "..\\src\\Do While.cpp" 
g++ -o "Do While.exe" "src\\Do While.o" 
16:53:39 **** Incremental Build of configuration Debug for project Do While ****
Info: Internal Builder is used for build
g++ -O0 -g3 -Wall -c -fmessage-length=0 -o "src\\Do While.o" "..\\src\\Do While.cpp" 
g++ -o "Do While.exe" "src\\Do While.o" 
16:54:31 **** Incremental Build of configuration Debug for project Do While ****
Info: Internal Builder is used for build
g++ -O0 -g3 -Wall -c -fmessage-length=0 -o "src\\Do While.o" "..\\src\\Do While.cpp" 
g++ -o "Do While.exe" "src\\Do While.o" 
c:/mingw/bin/../lib/gcc/mingw32/4.9.3/../../../../mingw32/bin/ld.exe: cannot open output file Do While.exe: Permission denied
collect2.exe: error: ld returned 1 exit status
16:54:41 **** Incremental Build of configuration Debug for project Do While ****
Info: Internal Builder is used for build
g++ -o "Do While.exe" "src\\Do While.o" 
c:/mingw/bin/../lib/gcc/mingw32/4.9.3/../../../../mingw32/bin/ld.exe: cannot open output file Do While.exe: Permission denied
collect2.exe: error: ld returned 1 exit status
16:54:46 **** Incremental Build of configuration Debug for project Do While ****
Info: Internal Builder is used for build
g++ -o "Do While.exe" "src\\Do While.o" 
c:/mingw/bin/../lib/gcc/mingw32/4.9.3/../../../../mingw32/bin/ld.exe: cannot open output file Do While.exe: Permission denied
collect2.exe: error: ld returned 1 exit status
16:54:47 **** Incremental Build of configuration Debug for project Do While ****
Info: Internal Builder is used for build
g++ -o "Do While.exe" "src\\Do While.o" 
c:/mingw/bin/../lib/gcc/mingw32/4.9.3/../../../../mingw32/bin/ld.exe: cannot open output file Do While.exe: Permission denied
collect2.exe: error: ld returned 1 exit status
16:55:54 **** Incremental Build of configuration Debug for project Do While ****
Info: Internal Builder is used for build
g++ -o "Do While.exe" "src\\Do While.o" 
Info: Nothing to build for Do While
16:57:06 **** Incremental Build of configuration Debug for project Do While ****
Info: Internal Builder is used for build
g++ -O0 -g3 -Wall -c -fmessage-length=0 -o "src\\Do While.o" "..\\src\\Do While.cpp" 
g++ -o "Do While.exe" "src\\Do While.o" 
c:/mingw/bin/../lib/gcc/mingw32/4.9.3/../../../../mingw32/bin/ld.exe: cannot open output file Do While.exe: Permission denied
collect2.exe: error: ld returned 1 exit status
16:57:25 **** Incremental Build of configuration Debug for project Do While ****
Info: Internal Builder is used for build
g++ -o "Do While.exe" "src\\Do While.o" 
c:/mingw/bin/../lib/gcc/mingw32/4.9.3/../../../../mingw32/bin/ld.exe: cannot open output file Do While.exe: Permission denied
collect2.exe: error: ld returned 1 exit status
16:57:35 **** Incremental Build of configuration Debug for project Do While ****
Info: Internal Builder is used for build
g++ -o "Do While.exe" "src\\Do While.o" 
c:/mingw/bin/../lib/gcc/mingw32/4.9.3/../../../../mingw32/bin/ld.exe: cannot open output file Do While.exe: Permission denied
collect2.exe: error: ld returned 1 exit status
16:59:01 **** Incremental Build of configuration Debug for project Do While ****
Info: Internal Builder is used for build
g++ -O0 -g3 -Wall -c -fmessage-length=0 -o "src\\Do While.o" "..\\src\\Do While.cpp" 
..\src\Do While.cpp: In function 'int main()':
..\src\Do While.cpp:28:8: warning: statement has no effect [-Wunused-value]
   input;
        ^
g++ -o "Do While.exe" "src\\Do While.o" 
c:/mingw/bin/../lib/gcc/mingw32/4.9.3/../../../../mingw32/bin/ld.exe: cannot open output file Do While.exe: Permission denied
collect2.exe: error: ld returned 1 exit status
Info: Nothing to build for Compairing Flows
Info: Nothing to build for Complex Conditions
17:01:09 **** Incremental Build of configuration Debug for project Do While ****
Info: Internal Builder is used for build
g++ -o "Do While.exe" "src\\Do While.o" 
c:/mingw/bin/../lib/gcc/mingw32/4.9.3/../../../../mingw32/bin/ld.exe: cannot open output file Do While.exe: Permission denied
collect2.exe: error: ld returned 1 exit status
17:01:09 **** Rebuild of configuration Debug for project Float comparison function ****
Info: Internal Builder is used for build
g++ -O0 -g3 -Wall -c -fmessage-length=0 -o "src\\Float comparison function.o" "..\\src\\Float comparison function.cpp" 
..\src\Float comparison function.cpp: In function 'int main()':
..\src\Float comparison function.cpp:14:5: error: expected primary-expression before ')' token
  if()
     ^
Info: Nothing to build for Floating Point Types
Info: Nothing to build for If Statement
Info: Nothing to build for If-Else
Info: Nothing to build for Input
Info: Nothing to build for Integer Types
Info: Nothing to build for Other Types
Info: Nothing to build for Outputting Text
Info: Nothing to build for Strings
Info: Nothing to build for Variables
17:01:10 **** Incremental Build of configuration Debug for project While ****
Info: Internal Builder is used for build
g++ -O0 -g3 -Wall -c -fmessage-length=0 -o "src\\While.o" "..\\src\\While.cpp" 
g++ -o While.exe "src\\While.o" 
Info: Nothing to build for test
17:01:14 **** Incremental Build of configuration Debug for project Do While ****
Info: Internal Builder is used for build
g++ -O0 -g3 -Wall -c -fmessage-length=0 -o "src\\Do While.o" "..\\src\\Do While.cpp" 
..\src\Do While.cpp: In function 'int main()':
..\src\Do While.cpp:23:8: warning: statement has no effect [-Wunused-value]
   input;
        ^
g++ -o "Do While.exe" "src\\Do While.o" 
c:/mingw/bin/../lib/gcc/mingw32/4.9.3/../../../../mingw32/bin/ld.exe: cannot open output file Do While.exe: Permission denied
collect2.exe: error: ld returned 1 exit status
17:01:28 **** Incremental Build of configuration Debug for project Do While ****
Info: Internal Builder is used for build
g++ -o "Do While.exe" "src\\Do While.o" 
c:/mingw/bin/../lib/gcc/mingw32/4.9.3/../../../../mingw32/bin/ld.exe: cannot open output file Do While.exe: Permission denied
collect2.exe: error: ld returned 1 exit status
17:01:52 **** Incremental Build of configuration Debug for project Do While ****
Info: Internal Builder is used for build
g++ -O0 -g3 -Wall -c -fmessage-length=0 -o "src\\Do While.o" "..\\src\\Do While.cpp" 
g++ -o "Do While.exe" "src\\Do While.o" 
c:/mingw/bin/../lib/gcc/mingw32/4.9.3/../../../../mingw32/bin/ld.exe: cannot open output file Do While.exe: Permission denied
collect2.exe: error: ld returned 1 exit status
17:02:47 **** Incremental Build of configuration Debug for project Do While ****
Info: Internal Builder is used for build
g++ -o "Do While.exe" "src\\Do While.o" 
Info: Nothing to build for Do While
17:06:52 **** Incremental Build of configuration Debug for project Do While ****
Info: Internal Builder is used for build
g++ -O0 -g3 -Wall -c -fmessage-length=0 -o "src\\Do While.o" "..\\src\\Do While.cpp" 
..\src\Do While.cpp: In function 'int main()':
..\src\Do While.cpp:16:2: error: 'Do' was not declared in this scope
  Do {
  ^
..\src\Do While.cpp:24:11: error: 'input' was not declared in this scope
  } while (input != password)
           ^
..\src\Do While.cpp: At global scope:
..\src\Do While.cpp:30:2: error: expected unqualified-id before 'return'
  return 0;
  ^
..\src\Do While.cpp:31:1: error: expected declaration before '}' token
 }
 ^
17:09:31 **** Incremental Build of configuration Debug for project Do While ****
Info: Internal Builder is used for build
g++ -O0 -g3 -Wall -c -fmessage-length=0 -o "src\\Do While.o" "..\\src\\Do While.cpp" 
..\src\Do While.cpp: In function 'int main()':
..\src\Do While.cpp:23:12: error: 'input' was not declared in this scope
   } while (input != password);
            ^
..\src\Do While.cpp: At global scope:
..\src\Do While.cpp:29:2: error: expected unqualified-id before 'return'
  return 0;
  ^
..\src\Do While.cpp:30:1: error: expected declaration before '}' token
 }
 ^
17:11:54 **** Incremental Build of configuration Debug for project Do While ****
Info: Internal Builder is used for build
g++ -O0 -g3 -Wall -c -fmessage-length=0 -o "src\\Do While.o" "..\\src\\Do While.cpp" 
..\src\Do While.cpp: In function 'int main()':
..\src\Do While.cpp:23:12: error: 'input' was not declared in this scope
   } while (input != password);
            ^
..\src\Do While.cpp: At global scope:
..\src\Do While.cpp:29:2: error: expected unqualified-id before 'return'
  return 0;
  ^
..\src\Do While.cpp:30:1: error: expected declaration before '}' token
 }
 ^
17:14:14 **** Incremental Build of configuration Debug for project Do While ****
Info: Internal Builder is used for build
g++ -O0 -g3 -Wall -c -fmessage-length=0 -o "src\\Do While.o" "..\\src\\Do While.cpp" 
..\src\Do While.cpp: In function 'int main()':
..\src\Do While.cpp:23:12: error: 'input' was not declared in this scope
   } while (input != password);
            ^
..\src\Do While.cpp: At global scope:
..\src\Do While.cpp:29:2: error: expected unqualified-id before 'return'
  return 0;
  ^
..\src\Do While.cpp:30:1: error: expected declaration before '}' token
 }
 ^
17:19:15 **** Incremental Build of configuration Debug for project Do While ****
Info: Internal Builder is used for build
g++ -O0 -g3 -Wall -c -fmessage-length=0 -o "src\\Do While.o" "..\\src\\Do While.cpp" 
..\src\Do While.cpp: In function 'int main()':
..\src\Do While.cpp:23:12: error: 'input' was not declared in this scope
   } while (input != password);
            ^
..\src\Do While.cpp: At global scope:
..\src\Do While.cpp:29:2: error: expected unqualified-id before 'return'
  return 0;
  ^
..\src\Do While.cpp:30:1: error: expected declaration before '}' token
 }
 ^
17:19:21 **** Incremental Build of configuration Debug for project Do While ****
Info: Internal Builder is used for build
g++ -O0 -g3 -Wall -c -fmessage-length=0 -o "src\\Do While.o" "..\\src\\Do While.cpp" 
..\src\Do While.cpp: In function 'int main()':
..\src\Do While.cpp:21:3: error: expected ';' before 'if'
   if (input != password) {
   ^
17:20:01 **** Incremental Build of configuration Debug for project Do While ****
Info: Internal Builder is used for build
g++ -O0 -g3 -Wall -c -fmessage-length=0 -o "src\\Do While.o" "..\\src\\Do While.cpp" 
..\src\Do While.cpp: In function 'int main()':
..\src\Do While.cpp:21:3: error: expected ';' before 'if'
   if (input != password) {
   ^
17:21:01 **** Incremental Build of configuration Debug for project Do While ****
Info: Internal Builder is used for build
g++ -O0 -g3 -Wall -c -fmessage-length=0 -o "src\\Do While.o" "..\\src\\Do While.cpp" 
g++ -o "Do While.exe" "src\\Do While.o" 
c:/mingw/bin/../lib/gcc/mingw32/4.9.3/../../../../mingw32/bin/ld.exe: cannot open output file Do While.exe: Permission denied
collect2.exe: error: ld returned 1 exit status
17:21:15 **** Incremental Build of configuration Debug for project Do While ****
Info: Internal Builder is used for build
g++ -o "Do While.exe" "src\\Do While.o" 
c:/mingw/bin/../lib/gcc/mingw32/4.9.3/../../../../mingw32/bin/ld.exe: cannot open output file Do While.exe: Permission denied
collect2.exe: error: ld returned 1 exit status
17:24:06 **** Incremental Build of configuration Debug for project Do While ****
Info: Internal Builder is used for build
g++ -O0 -g3 -Wall -c -fmessage-length=0 -o "src\\Do While.o" "..\\src\\Do While.cpp" 
g++ -o "Do While.exe" "src\\Do While.o" 
c:/mingw/bin/../lib/gcc/mingw32/4.9.3/../../../../mingw32/bin/ld.exe: cannot open output file Do While.exe: Permission denied
collect2.exe: error: ld returned 1 exit status
17:26:55 **** Incremental Build of configuration Debug for project Do While ****
Info: Internal Builder is used for build
g++ -o "Do While.exe" "src\\Do While.o" 
Info: Nothing to build for Do While
Info: Nothing to build for Do While
Info: Nothing to build for Do While
Info: Nothing to build for Do While
Info: Nothing to build for Do While
Info: Nothing to build for Do While
Info: Nothing to build for Do While
Info: Nothing to build for Do While
